<?xml version="1.0" encoding="UTF-8"?>
<!-- Generated by org.testng.reporters.JUnitReportReporter -->
<testsuite hostname="DESKTOP-A6SKKBH" failures="0" tests="1" name="testCases.TC_03_searchforexistingEmployeeByRole" time="7.693" errors="0" timestamp="2025-08-09T22:27:04 IST" skipped="0">
  <testcase classname="testCases.TC_03_searchforexistingEmployeeByRole" name="searchByRole" time="7.693"/>
</testsuite> <!-- testCases.TC_03_searchforexistingEmployeeByRole -->
