<?xml version="1.0" encoding="UTF-8"?>
<!-- Generated by org.testng.reporters.JUnitReportReporter -->
<testsuite hostname="DESKTOP-A6SKKBH" failures="0" tests="1" name="testCases.TC_04_searchforexistingEmployeehByStatus" time="5.504" errors="0" timestamp="2025-08-09T22:24:14 IST" skipped="0">
  <testcase classname="testCases.TC_04_searchforexistingEmployeehByStatus" name="searchByStatus" time="5.504"/>
</testsuite> <!-- testCases.TC_04_searchforexistingEmployeehByStatus -->
