<?xml version="1.0" encoding="UTF-8"?>
<!-- Generated by org.testng.reporters.JUnitReportReporter -->
<testsuite hostname="DESKTOP-A6SKKBH" failures="0" tests="1" name="testCases.Login_Test_001" time="10.353" errors="0" timestamp="2025-07-29T07:36:32 IST" skipped="0">
  <testcase classname="testCases.Login_Test_001" name="options" time="10.353"/>
</testsuite> <!-- testCases.Login_Test_001 -->
