<?xml version="1.0" encoding="UTF-8"?>
<!-- Generated by org.testng.reporters.JUnitReportReporter -->
<testsuite hostname="DESKTOP-A6SKKBH" failures="0" tests="1" name="testCases.TC_02_searchforexistingEmployee" time="20.150" errors="0" timestamp="2025-08-03T21:49:08 IST" skipped="0">
  <testcase classname="testCases.TC_02_searchforexistingEmployee" name="searchForExistingEmployee" time="20.150"/>
</testsuite> <!-- testCases.TC_02_searchforexistingEmployee -->
