<?xml version="1.0" encoding="UTF-8"?>
<!-- Generated by org.testng.reporters.JUnitReportReporter -->
<testsuite hostname="DESKTOP-A6SKKBH" failures="0" tests="1" name="testCases.TC_02_searchforexistingEmployeeByusername" time="5.999" errors="0" timestamp="2025-08-09T22:25:48 IST" skipped="0">
  <testcase classname="testCases.TC_02_searchforexistingEmployeeByusername" name="searchForExistingEmployee" time="5.999"/>
</testsuite> <!-- testCases.TC_02_searchforexistingEmployeeByusername -->
