<?xml version="1.0" encoding="UTF-8"?>
<!-- Generated by org.testng.reporters.JUnitReportReporter -->
<testsuite hostname="DESKTOP-A6SKKBH" failures="0" tests="1" name="testCases.TC_01_toGetAllOptions" time="8.679" errors="0" timestamp="2025-08-09T22:24:15 IST" skipped="0">
  <testcase classname="testCases.TC_01_toGetAllOptions" name="options" time="8.679"/>
</testsuite> <!-- testCases.TC_01_toGetAllOptions -->
